app/build/intermediates/manifest_merge_blame_file/debug/manifest-merger-blame-debug-report.txt
1<?xml version="1.0" encoding="utf-8"?>
2<manifest xmlns:android="http://schemas.android.com/apk/res/android"
3    package="com.example.myapplication"
4    android:versionCode="1"
5    android:versionName="1.0" >
6
7    <uses-sdk
8        android:minSdkVersion="16"
8-->src/main/AndroidManifest.xml
9        android:targetSdkVersion="30" />
9-->src/main/AndroidManifest.xml
10
11    <uses-permission android:name="android.permission.ACCESS_NETWORK_STATE" />
11-->src/main/AndroidManifest.xml:4:5-79
11-->src/main/AndroidManifest.xml:4:22-76
12
13    <application
13-->src/main/AndroidManifest.xml:7:5-44:19
14        android:allowBackup="true"
14-->src/main/AndroidManifest.xml:8:9-35
15        android:appComponentFactory="androidx.core.app.CoreComponentFactory"
15-->[androidx.core:core:1.2.0] AndroidManifest.xml:24:18-86
16        android:debuggable="true"
17        android:icon="@mipmap/ic_launcher"
17-->src/main/AndroidManifest.xml:9:9-43
18        android:label="@string/app_name"
18-->src/main/AndroidManifest.xml:10:9-41
19        android:roundIcon="@mipmap/ic_launcher_round"
19-->src/main/AndroidManifest.xml:11:9-54
20        android:supportsRtl="true"
20-->src/main/AndroidManifest.xml:12:9-35
21        android:testOnly="true"
22        android:theme="@style/Theme.MyApplication" >
22-->src/main/AndroidManifest.xml:13:9-51
23        <activity android:name="com.example.myapplication.broadcastereceiver.InterrnetCheckActivity" >
23-->src/main/AndroidManifest.xml:14:9-20:20
23-->src/main/AndroidManifest.xml:14:19-76
24            <intent-filter>
24-->src/main/AndroidManifest.xml:15:13-19:29
25                <action android:name="android.intent.action.MAIN" />
25-->src/main/AndroidManifest.xml:16:17-69
25-->src/main/AndroidManifest.xml:16:25-66
26
27                <category android:name="android.intent.category.LAUNCHER" />
27-->src/main/AndroidManifest.xml:18:17-77
27-->src/main/AndroidManifest.xml:18:27-74
28            </intent-filter>
29        </activity>
30        <activity android:name="com.example.myapplication.broadcastereceiver.CustomBRActivity" >
30-->src/main/AndroidManifest.xml:21:9-23:20
30-->src/main/AndroidManifest.xml:21:19-70
31        </activity>
32        <activity android:name="com.example.myapplication.broadcastereceiver.BroadcasteActivity" />
32-->src/main/AndroidManifest.xml:24:9-84
32-->src/main/AndroidManifest.xml:24:19-72
33        <activity android:name="com.example.myapplication.fragmentdemo.FragmentMainActivity" />
33-->src/main/AndroidManifest.xml:25:9-71
33-->src/main/AndroidManifest.xml:25:19-68
34        <activity android:name="com.example.myapplication.splashscreen.SplashActivity" />
34-->src/main/AndroidManifest.xml:26:9-65
34-->src/main/AndroidManifest.xml:26:19-62
35        <activity android:name="com.example.myapplication.design.DesignActivity" >
35-->src/main/AndroidManifest.xml:27:9-35:20
35-->src/main/AndroidManifest.xml:27:19-56
36
37            <!-- <intent-filter> -->
38            <!-- <action android:name="android.intent.action.MAIN" /> -->
39
40
41            <!-- <category android:name="android.intent.category.LAUNCHER" /> -->
42            <!-- </intent-filter> -->
43        </activity>
44        <activity android:name="com.example.myapplication.recyclerviewdemo.ListMainActivity" />
44-->src/main/AndroidManifest.xml:36:9-71
44-->src/main/AndroidManifest.xml:36:19-68
45        <activity android:name="com.example.myapplication.MainActivity3" />
45-->src/main/AndroidManifest.xml:37:9-51
45-->src/main/AndroidManifest.xml:37:19-48
46        <activity
46-->src/main/AndroidManifest.xml:38:9-40:52
47            android:name="com.example.myapplication.MainActivity2"
47-->src/main/AndroidManifest.xml:39:13-42
48            android:screenOrientation="portrait" />
48-->src/main/AndroidManifest.xml:40:13-49
49        <activity
49-->src/main/AndroidManifest.xml:41:9-43:52
50            android:name="com.example.myapplication.MainActivity"
50-->src/main/AndroidManifest.xml:42:13-41
51            android:screenOrientation="portrait" />
51-->src/main/AndroidManifest.xml:43:13-49
52    </application>
53
54</manifest>